  main.cpp
C:\Users\Administrator\Desktop\C++\csgo\ac\head.h(56,36): warning C4312: “类型强制转换”: 从“DWORD”转换到更大的“LPCVOID”
C:\Users\Administrator\Desktop\C++\csgo\ac\head.h(74,36): warning C4312: “类型强制转换”: 从“DWORD”转换到更大的“LPCVOID”
C:\Users\Administrator\Desktop\C++\csgo\ac\head.h(82,38): warning C4312: “类型强制转换”: 从“DWORD”转换到更大的“LPVOID”
C:\Users\Administrator\Desktop\C++\csgo\ac\head.h(87,38): warning C4312: “类型强制转换”: 从“DWORD”转换到更大的“LPVOID”
C:\Users\Administrator\Desktop\C++\csgo\ac\head.h(92,38): warning C4312: “类型强制转换”: 从“DWORD”转换到更大的“LPVOID”
C:\Users\Administrator\Desktop\C++\csgo\ac\head.h(100,40): warning C4244: “参数”: 从“DWORD_PTR”转换到“DWORD”，可能丢失数据
C:\Users\Administrator\Desktop\C++\csgo\ac\head.h(101,28): warning C4244: “return”: 从“DWORD_PTR”转换到“DWORD”，可能丢失数据
C:\Users\Administrator\Desktop\C++\csgo\ac\head.h(104,30): warning C4244: “参数”: 从“DWORD_PTR”转换到“DWORD”，可能丢失数据
C:\Users\Administrator\Desktop\C++\csgo\ac\head.h(105,28): warning C4244: “return”: 从“DWORD_PTR”转换到“DWORD”，可能丢失数据
C:\Users\Administrator\Desktop\C++\csgo\ac\head.h(108,30): warning C4244: “参数”: 从“DWORD_PTR”转换到“DWORD”，可能丢失数据
C:\Users\Administrator\Desktop\C++\csgo\ac\head.h(109,28): warning C4244: “return”: 从“DWORD_PTR”转换到“DWORD”，可能丢失数据
C:\Users\Administrator\Desktop\C++\csgo\ac\head.h(112,30): warning C4244: “参数”: 从“DWORD_PTR”转换到“DWORD”，可能丢失数据
C:\Users\Administrator\Desktop\C++\csgo\ac\head.h(113,28): warning C4244: “return”: 从“DWORD_PTR”转换到“DWORD”，可能丢失数据
C:\Users\Administrator\Desktop\C++\csgo\ac\head.h(116,30): warning C4244: “参数”: 从“DWORD_PTR”转换到“DWORD”，可能丢失数据
C:\Users\Administrator\Desktop\C++\csgo\ac\head.h(117,12): warning C4244: “return”: 从“DWORD_PTR”转换到“DWORD”，可能丢失数据
C:\Users\Administrator\Desktop\C++\csgo\ac\head.h(125,40): warning C4244: “参数”: 从“DWORD_PTR”转换到“DWORD”，可能丢失数据
C:\Users\Administrator\Desktop\C++\csgo\ac\head.h(126,28): warning C4244: “return”: 从“DWORD_PTR”转换到“BYTE”，可能丢失数据
C:\Users\Administrator\Desktop\C++\csgo\ac\head.h(129,30): warning C4244: “参数”: 从“DWORD_PTR”转换到“DWORD”，可能丢失数据
C:\Users\Administrator\Desktop\C++\csgo\ac\head.h(130,28): warning C4244: “参数”: 从“DWORD_PTR”转换到“BYTE”，可能丢失数据
C:\Users\Administrator\Desktop\C++\csgo\ac\head.h(134,30): warning C4244: “参数”: 从“DWORD_PTR”转换到“DWORD”，可能丢失数据
C:\Users\Administrator\Desktop\C++\csgo\ac\head.h(135,28): warning C4244: “参数”: 从“DWORD_PTR”转换到“BYTE”，可能丢失数据
C:\Users\Administrator\Desktop\C++\csgo\ac\head.h(139,30): warning C4244: “参数”: 从“DWORD_PTR”转换到“DWORD”，可能丢失数据
C:\Users\Administrator\Desktop\C++\csgo\ac\head.h(140,28): warning C4244: “参数”: 从“DWORD_PTR”转换到“BYTE”，可能丢失数据
C:\Users\Administrator\Desktop\C++\csgo\ac\head.h(144,30): warning C4244: “参数”: 从“DWORD_PTR”转换到“DWORD”，可能丢失数据
C:\Users\Administrator\Desktop\C++\csgo\ac\head.h(145,28): warning C4244: “参数”: 从“DWORD_PTR”转换到“BYTE”，可能丢失数据
C:\Users\Administrator\Desktop\C++\csgo\ac\head.h(154,40): warning C4244: “参数”: 从“DWORD_PTR”转换到“DWORD”，可能丢失数据
C:\Users\Administrator\Desktop\C++\csgo\ac\head.h(155,28): warning C4244: “return”: 从“DWORD_PTR”转换到“FLOAT”，可能丢失数据
C:\Users\Administrator\Desktop\C++\csgo\ac\head.h(158,30): warning C4244: “参数”: 从“DWORD_PTR”转换到“DWORD”，可能丢失数据
C:\Users\Administrator\Desktop\C++\csgo\ac\head.h(159,28): warning C4244: “参数”: 从“DWORD_PTR”转换到“DWORD”，可能丢失数据
C:\Users\Administrator\Desktop\C++\csgo\ac\head.h(163,30): warning C4244: “参数”: 从“DWORD_PTR”转换到“DWORD”，可能丢失数据
C:\Users\Administrator\Desktop\C++\csgo\ac\head.h(164,28): warning C4244: “参数”: 从“DWORD_PTR”转换到“DWORD”，可能丢失数据
C:\Users\Administrator\Desktop\C++\csgo\ac\head.h(168,30): warning C4244: “参数”: 从“DWORD_PTR”转换到“DWORD”，可能丢失数据
C:\Users\Administrator\Desktop\C++\csgo\ac\head.h(169,28): warning C4244: “参数”: 从“DWORD_PTR”转换到“DWORD”，可能丢失数据
C:\Users\Administrator\Desktop\C++\csgo\ac\head.h(173,30): warning C4244: “参数”: 从“DWORD_PTR”转换到“DWORD”，可能丢失数据
C:\Users\Administrator\Desktop\C++\csgo\ac\head.h(174,28): warning C4244: “参数”: 从“DWORD_PTR”转换到“DWORD”，可能丢失数据
C:\Users\Administrator\Desktop\C++\csgo\ac\head.h(183,40): warning C4244: “参数”: 从“DWORD_PTR”转换到“DWORD”，可能丢失数据
C:\Users\Administrator\Desktop\C++\csgo\ac\head.h(184,44): warning C4244: “参数”: 从“DWORD_PTR”转换到“DWORD”，可能丢失数据
C:\Users\Administrator\Desktop\C++\csgo\ac\head.h(187,30): warning C4244: “参数”: 从“DWORD_PTR”转换到“DWORD”，可能丢失数据
C:\Users\Administrator\Desktop\C++\csgo\ac\head.h(188,44): warning C4244: “参数”: 从“DWORD_PTR”转换到“DWORD”，可能丢失数据
C:\Users\Administrator\Desktop\C++\csgo\ac\head.h(191,30): warning C4244: “参数”: 从“DWORD_PTR”转换到“DWORD”，可能丢失数据
C:\Users\Administrator\Desktop\C++\csgo\ac\head.h(192,44): warning C4244: “参数”: 从“DWORD_PTR”转换到“DWORD”，可能丢失数据
C:\Users\Administrator\Desktop\C++\csgo\ac\head.h(195,30): warning C4244: “参数”: 从“DWORD_PTR”转换到“DWORD”，可能丢失数据
C:\Users\Administrator\Desktop\C++\csgo\ac\head.h(196,44): warning C4244: “参数”: 从“DWORD_PTR”转换到“DWORD”，可能丢失数据
C:\Users\Administrator\Desktop\C++\csgo\ac\head.h(199,28): warning C4244: “参数”: 从“DWORD_PTR”转换到“DWORD”，可能丢失数据
C:\Users\Administrator\Desktop\C++\csgo\ac\head.h(206,40): warning C4244: “参数”: 从“DWORD_PTR”转换到“DWORD”，可能丢失数据
C:\Users\Administrator\Desktop\C++\csgo\ac\head.h(207,44): warning C4244: “参数”: 从“DWORD_PTR”转换到“DWORD”，可能丢失数据
C:\Users\Administrator\Desktop\C++\csgo\ac\head.h(210,30): warning C4244: “参数”: 从“DWORD_PTR”转换到“DWORD”，可能丢失数据
C:\Users\Administrator\Desktop\C++\csgo\ac\head.h(211,44): warning C4244: “参数”: 从“DWORD_PTR”转换到“DWORD”，可能丢失数据
C:\Users\Administrator\Desktop\C++\csgo\ac\head.h(214,30): warning C4244: “参数”: 从“DWORD_PTR”转换到“DWORD”，可能丢失数据
C:\Users\Administrator\Desktop\C++\csgo\ac\head.h(215,44): warning C4244: “参数”: 从“DWORD_PTR”转换到“DWORD”，可能丢失数据
C:\Users\Administrator\Desktop\C++\csgo\ac\head.h(218,30): warning C4244: “参数”: 从“DWORD_PTR”转换到“DWORD”，可能丢失数据
C:\Users\Administrator\Desktop\C++\csgo\ac\head.h(219,44): warning C4244: “参数”: 从“DWORD_PTR”转换到“DWORD”，可能丢失数据
C:\Users\Administrator\Desktop\C++\csgo\ac\head.h(222,28): warning C4244: “参数”: 从“DWORD_PTR”转换到“DWORD”，可能丢失数据
C:\Users\Administrator\Desktop\C++\csgo\ac\head.h(229,40): warning C4244: “参数”: 从“DWORD_PTR”转换到“DWORD”，可能丢失数据
C:\Users\Administrator\Desktop\C++\csgo\ac\head.h(230,44): warning C4244: “参数”: 从“DWORD_PTR”转换到“DWORD”，可能丢失数据
C:\Users\Administrator\Desktop\C++\csgo\ac\head.h(233,30): warning C4244: “参数”: 从“DWORD_PTR”转换到“DWORD”，可能丢失数据
C:\Users\Administrator\Desktop\C++\csgo\ac\head.h(234,44): warning C4244: “参数”: 从“DWORD_PTR”转换到“DWORD”，可能丢失数据
C:\Users\Administrator\Desktop\C++\csgo\ac\head.h(237,30): warning C4244: “参数”: 从“DWORD_PTR”转换到“DWORD”，可能丢失数据
C:\Users\Administrator\Desktop\C++\csgo\ac\head.h(238,44): warning C4244: “参数”: 从“DWORD_PTR”转换到“DWORD”，可能丢失数据
C:\Users\Administrator\Desktop\C++\csgo\ac\head.h(241,30): warning C4244: “参数”: 从“DWORD_PTR”转换到“DWORD”，可能丢失数据
C:\Users\Administrator\Desktop\C++\csgo\ac\head.h(242,44): warning C4244: “参数”: 从“DWORD_PTR”转换到“DWORD”，可能丢失数据
C:\Users\Administrator\Desktop\C++\csgo\ac\head.h(245,28): warning C4244: “参数”: 从“DWORD_PTR”转换到“DWORD”，可能丢失数据
C:\Users\Administrator\Desktop\C++\csgo\ac\main.cpp(32,61): warning C4244: “参数”: 从“DWORD_PTR”转换到“DWORD”，可能丢失数据
C:\Users\Administrator\Desktop\C++\csgo\ac\main.cpp(56,14): warning C4244: “初始化”: 从“FLOAT”转换到“int”，可能丢失数据
C:\Users\Administrator\Desktop\C++\csgo\ac\main.cpp(57,14): warning C4244: “初始化”: 从“double”转换到“int”，可能丢失数据
C:\Users\Administrator\Desktop\C++\csgo\ac\main.cpp(59,57): warning C4244: “参数”: 从“int”转换到“float”，可能丢失数据
C:\Users\Administrator\Desktop\C++\csgo\ac\main.cpp(65,53): warning C4244: “参数”: 从“int”转换到“float”，可能丢失数据
C:\Users\Administrator\Desktop\C++\csgo\ac\main.cpp(65,45): warning C4244: “参数”: 从“int”转换到“float”，可能丢失数据
C:\Users\Administrator\Desktop\C++\csgo\ac\main.cpp(65,37): warning C4244: “参数”: 从“int”转换到“float”，可能丢失数据
  ac.vcxproj -> C:\Users\Administrator\Desktop\C++\csgo\x64\Debug\ac.exe
